<?xml version="1.0" encoding="UTF-8"?>
<!-- Generated by org.testng.reporters.JUnitXMLReporter -->
<testsuite ignored="0" hostname="Nandu" failures="0" tests="1" name="Test" time="16.541" errors="0" timestamp="2022-11-01T11:55:44 IST">
  <testcase classname="Test.annotation" name="@BeforeMethod logintoapp" time="0.002">
    <failure type="java.lang.NullPointerException" message="Cannot invoke &amp;quot;org.openqa.selenium.WebDriver.findElement(org.openqa.selenium.By)&amp;quot; because &amp;quot;this.driver&amp;quot; is null">
      <![CDATA[java.lang.NullPointerException: Cannot invoke "org.openqa.selenium.WebDriver.findElement(org.openqa.selenium.By)" because "this.driver" is null
at Test.annotation.logintoapp(annotation.java:27)
at java.base/java.util.ArrayList.forEach(ArrayList.java:1511)
... Removed 31 stack frames]]>
    </failure>
  </testcase> <!-- @BeforeMethod logintoapp -->
  <testcase classname="Test.annotation" name="@AfterMethod logoutapp" time="-1.667283944623E9">
    <skipped/>
  </testcase> <!-- @AfterMethod logoutapp -->
  <testcase classname="Test.annotation" name="@AfterClass closebrowser" time="-1.667283944639E9">
    <skipped/>
  </testcase> <!-- @AfterClass closebrowser -->
  <testcase classname="Test.annotation" name="title" time="0.0">
    <skipped/>
  </testcase> <!-- title -->
</testsuite> <!-- Test -->
